<?xml version="1.0" encoding="UTF-8"?>
<testng-results skipped="0" failed="0" ignored="0" total="1" passed="1">
  <reporter-output>
  </reporter-output>
  <suite name="Suite" duration-ms="13603" started-at="2019-12-26T22:10:34 IST" finished-at="2019-12-26T22:10:48 IST">
    <groups>
    </groups>
    <test name="Test" duration-ms="13603" started-at="2019-12-26T22:10:34 IST" finished-at="2019-12-26T22:10:48 IST">
      <class name="com.Tests.NewTest">
        <test-method status="PASS" signature="BeforeClassMethod()[pri:0, instance:com.Tests.NewTest@43814d18]" name="BeforeClassMethod" is-config="true" duration-ms="1835" started-at="2019-12-26T22:10:34 IST" finished-at="2019-12-26T22:10:36 IST">
          <reporter-output>
          </reporter-output>
        </test-method> <!-- BeforeClassMethod -->
        <test-method status="PASS" signature="f()[pri:0, instance:com.Tests.NewTest@43814d18]" name="f" duration-ms="11604" started-at="2019-12-26T22:10:36 IST" finished-at="2019-12-26T22:10:47 IST">
          <reporter-output>
          </reporter-output>
        </test-method> <!-- f -->
        <test-method status="PASS" signature="AfterClassMethod()[pri:0, instance:com.Tests.NewTest@43814d18]" name="AfterClassMethod" is-config="true" duration-ms="122" started-at="2019-12-26T22:10:47 IST" finished-at="2019-12-26T22:10:48 IST">
          <reporter-output>
          </reporter-output>
        </test-method> <!-- AfterClassMethod -->
      </class> <!-- com.Tests.NewTest -->
    </test> <!-- Test -->
  </suite> <!-- Suite -->
</testng-results>
